<?xml version="1.0" encoding="UTF-8"?>
<testsuite xmlns:xsi="http://www.w3.org/2001/XMLSchema-instance" xsi:noNamespaceSchemaLocation="https://maven.apache.org/surefire/maven-surefire-plugin/xsd/surefire-test-report.xsd" name="ChessboardHashTest" time="117.105" tests="13" errors="0" skipped="0" failures="0">
  <properties>
[...]
</properties>
  <testcase name="tinyDepths" classname="ChessboardHashTest" time="0.096"/>
  <testcase name="regularBoard" classname="ChessboardHashTest" time="13.888"/>
  <testcase name="bigDepth10" classname="ChessboardHashTest" time="25.959"/>
  <testcase name="bigDepth11" classname="ChessboardHashTest" time="12.688"/>
  <testcase name="bigDepth12" classname="ChessboardHashTest" time="2.11"/>
  <testcase name="longCastlingGivesCheck" classname="ChessboardHashTest" time="0.462"/>
  <testcase name="test1" classname="ChessboardHashTest" time="0.314"/>
  <testcase name="bigDepth3" classname="ChessboardHashTest" time="3.866"/>
  <testcase name="bigDepth4" classname="ChessboardHashTest" time="31.152"/>
  <testcase name="bigDepth5" classname="ChessboardHashTest" time="25.204"/>
  <testcase name="EPCaptureChecksOpponent" classname="ChessboardHashTest" time="0.702"/>
  <testcase name="shortCastlingGivesCheck" classname="ChessboardHashTest" time="0.389"/>
  <testcase name="AvoidIllegalEPCapture" classname="ChessboardHashTest" time="0.27"/>
</testsuite>