<?xml version="1.0" encoding="UTF-8"?>
<testsuite xmlns:xsi="http://www.w3.org/2001/XMLSchema-instance" xsi:noNamespaceSchemaLocation="https://maven.apache.org/surefire/maven-surefire-plugin/xsd/surefire-test-report.xsd" name="PerftTest" time="16.916" tests="30" errors="0" skipped="0" failures="0">
  <properties>
[...]
</properties>
  <testcase name="CastlingPrevented" classname="PerftTest" time="0.726"/>
  <testcase name="doubleCheck" classname="PerftTest" time="0.053"/>
  <testcase name="PromoteOutOfCheck" classname="PerftTest" time="0.863"/>
  <testcase name="underPromoteToCheck" classname="PerftTest" time="0.03"/>
  <testcase name="test10" classname="PerftTest" time="0.025"/>
  <testcase name="test11" classname="PerftTest" time="0.006"/>
  <testcase name="test12" classname="PerftTest" time="0.001"/>
  <testcase name="test13" classname="PerftTest" time="0.068"/>
  <testcase name="test14" classname="PerftTest" time="0.008"/>
  <testcase name="test15" classname="PerftTest" time="6.535"/>
  <testcase name="regularBoard" classname="PerftTest" time="5.344"/>
  <testcase name="checkStalemate" classname="PerftTest" time="0.086"/>
  <testcase name="promoteToCheck" classname="PerftTest" time="0.061"/>
  <testcase name="longCastlingGivesCheck" classname="PerftTest" time="0.172"/>
  <testcase name="misc" classname="PerftTest" time="1.639"/>
  <testcase name="test1" classname="PerftTest" time="0.154"/>
  <testcase name="test2" classname="PerftTest" time="0.081"/>
  <testcase name="test3" classname="PerftTest" time="0.092"/>
  <testcase name="test4" classname="PerftTest" time="0.051"/>
  <testcase name="test5" classname="PerftTest" time="0.056"/>
  <testcase name="test6" classname="PerftTest" time="0.027"/>
  <testcase name="test7" classname="PerftTest" time="0.041"/>
  <testcase name="test8" classname="PerftTest" time="0.126"/>
  <testcase name="test9" classname="PerftTest" time="0.02"/>
  <testcase name="EPCaptureChecksOpponent" classname="PerftTest" time="0.205"/>
  <testcase name="selfStaleMate" classname="PerftTest" time="0.009"/>
  <testcase name="shortCastlingGivesCheck" classname="PerftTest" time="0.125"/>
  <testcase name="discoveredCheck" classname="PerftTest" time="0.058"/>
  <testcase name="CastlingCRAndDoublePins" classname="PerftTest" time="0.084"/>
  <testcase name="AvoidIllegalEPCapture" classname="PerftTest" time="0.14"/>
</testsuite>