<?xml version="1.0" encoding="UTF-8"?>
<testsuite xmlns:xsi="http://www.w3.org/2001/XMLSchema-instance" xsi:noNamespaceSchemaLocation="https://maven.apache.org/surefire/maven-surefire-plugin/xsd/surefire-test-report.xsd" name="PerftTest" time="152.2" tests="30" errors="0" skipped="0" failures="0">
  <properties>
[...]
</properties>
  <testcase name="CastlingPrevented" classname="PerftTest" time="4.067"/>
  <testcase name="doubleCheck" classname="PerftTest" time="0.229"/>
  <testcase name="PromoteOutOfCheck" classname="PerftTest" time="7.739"/>
  <testcase name="underPromoteToCheck" classname="PerftTest" time="0.223"/>
  <testcase name="test10" classname="PerftTest" time="0.312"/>
  <testcase name="test11" classname="PerftTest" time="0.19"/>
  <testcase name="test12" classname="PerftTest" time="0.011"/>
  <testcase name="test13" classname="PerftTest" time="0.57"/>
  <testcase name="test14" classname="PerftTest" time="0.075"/>
  <testcase name="test15" classname="PerftTest" time="64.345"/>
  <testcase name="regularBoard" classname="PerftTest" time="57.54"/>
  <testcase name="checkStalemate" classname="PerftTest" time="0.257"/>
  <testcase name="promoteToCheck" classname="PerftTest" time="0.171"/>
  <testcase name="longCastlingGivesCheck" classname="PerftTest" time="0.566"/>
  <testcase name="misc" classname="PerftTest" time="9.981"/>
  <testcase name="test1" classname="PerftTest" time="0.549"/>
  <testcase name="test2" classname="PerftTest" time="0.379"/>
  <testcase name="test3" classname="PerftTest" time="0.526"/>
  <testcase name="test4" classname="PerftTest" time="0.253"/>
  <testcase name="test5" classname="PerftTest" time="0.289"/>
  <testcase name="test6" classname="PerftTest" time="0.184"/>
  <testcase name="test7" classname="PerftTest" time="0.229"/>
  <testcase name="test8" classname="PerftTest" time="0.671"/>
  <testcase name="test9" classname="PerftTest" time="0.123"/>
  <testcase name="EPCaptureChecksOpponent" classname="PerftTest" time="1.154"/>
  <testcase name="selfStaleMate" classname="PerftTest" time="0.005"/>
  <testcase name="shortCastlingGivesCheck" classname="PerftTest" time="0.488"/>
  <testcase name="discoveredCheck" classname="PerftTest" time="0.26"/>
  <testcase name="CastlingCRAndDoublePins" classname="PerftTest" time="0.323"/>
  <testcase name="AvoidIllegalEPCapture" classname="PerftTest" time="0.423"/>
</testsuite>