<?xml version="1.0" encoding="UTF-8"?>
<testsuite xmlns:xsi="http://www.w3.org/2001/XMLSchema-instance" xsi:noNamespaceSchemaLocation="https://maven.apache.org/surefire/maven-surefire-plugin/xsd/surefire-test-report.xsd" name="ChessboardHashTest" time="352.832" tests="13" errors="0" skipped="0" failures="0">
  <properties>
[...]
</properties>
  <testcase name="tinyDepths" classname="ChessboardHashTest" time="0.073"/>
  <testcase name="regularBoard" classname="ChessboardHashTest" time="56.756"/>
  <testcase name="bigDepth10" classname="ChessboardHashTest" time="56.27"/>
  <testcase name="bigDepth11" classname="ChessboardHashTest" time="26.909"/>
  <testcase name="bigDepth12" classname="ChessboardHashTest" time="7.083"/>
  <testcase name="longCastlingGivesCheck" classname="ChessboardHashTest" time="0.737"/>
  <testcase name="test1" classname="ChessboardHashTest" time="0.671"/>
  <testcase name="bigDepth3" classname="ChessboardHashTest" time="10.834"/>
  <testcase name="bigDepth4" classname="ChessboardHashTest" time="67.996"/>
  <testcase name="bigDepth5" classname="ChessboardHashTest" time="123.015"/>
  <testcase name="EPCaptureChecksOpponent" classname="ChessboardHashTest" time="1.365"/>
  <testcase name="shortCastlingGivesCheck" classname="ChessboardHashTest" time="0.613"/>
  <testcase name="AvoidIllegalEPCapture" classname="ChessboardHashTest" time="0.507"/>
</testsuite>